<?xml version="1.0" encoding="UTF-8"?>
<!-- Generated by org.testng.reporters.JUnitReportReporter -->
<testsuite hostname="DESKTOP-313PUS5" failures="0" tests="1" name="script.fbtc1" time="19.573" errors="0" timestamp="2022-09-15T14:48:55 IST" skipped="0">
  <testcase classname="script.fbtc1" name="tc1" time="19.573"/>
  <system-out/>
</testsuite> <!-- script.fbtc1 -->
