<?xml version="1.0" encoding="UTF-8"?>
<!-- Generated by org.testng.reporters.JUnitReportReporter -->
<testsuite hostname="DESKTOP-313PUS5" failures="0" tests="1" name="script.amazontc" time="22.584" errors="0" timestamp="2022-09-16T11:42:00 IST" skipped="0">
  <testcase classname="script.amazontc" name="tc1" time="22.584"/>
  <system-out/>
</testsuite> <!-- script.amazontc -->
